<?xml version="1.0" encoding="UTF-8"?>
<!-- Generated by org.testng.reporters.JUnitReportReporter -->
<testsuite skipped="0" hostname="DESKTOP-IF3TFRK" name="MavenProject.google" tests="1" failures="0" timestamp="07 Mar 2019 09:51:30 GMT" time="0.029" errors="0">
  <testcase name="LauchTest" time="0.029" classname="MavenProject.google"/>
</testsuite> <!-- MavenProject.google -->
